
[error occurred during error reporting (printing fatal error message), id 0xc00000fd, EXCEPTION_STACK_OVERFLOW (0xc00000fd) at pc=0x00007ffe271d4808]

#
#  EXCEPTION_ACCESS_VIOLATION (0xc0000005) at pc=0x0000022500000b8b, pid=14416, tid=20644
#
# JRE version: Java(TM) SE Runtime Environment (14.0.1+7) (build 14.0.1+7)
# Java VM: Java HotSpot(TM) 64-Bit Server VM (14.0.1+7, mixed mode, sharing, tiered, compressed oops, g1 gc, windows-amd64)
# Problematic frame:
# v  ~RuntimeStub::StackOverflowError throw_exception
#
# No core dump will be written. Minidumps are not enabled by default on client versions of Windows
#
# If you would like to submit a bug report, please visit:
#   https://bugreport.java.com/bugreport/crash.jsp
#

---------------  S U M M A R Y ------------

Command Line: -agentlib:jdwp=transport=dt_socket,server=n,suspend=y,address=localhost:2565 -XX:+ShowCodeDetailsInExceptionMessages -Dfile.encoding=UTF-8 core.TrayApp

Host: Intel(R) Core(TM) i7-4770 CPU @ 3.40GHz, 8 cores, 15G,  Windows 10 , 64 bit Build 18362 (10.0.18362.86)
Time: Tue Feb  9 20:12:10 2021 Jerusalem Standard Time elapsed time: 9 seconds (0d 0h 0m 9s)

---------------  T H R E A D  ---------------

Current thread (0x00000225747ed800):  JavaThread "main" [_thread_in_Java, id=20644, stack(0x0000008b08300000,0x0000008b08400000)]

Stack: [0x0000008b08300000,0x0000008b08400000],  sp=0x0000008b08303f38,  free space=15k
Native frames: (J=compiled Java code, j=interpreted, Vv=VM code, C=native code)
C  0x0000022500000b8b
